Using pre-set license
Built from '2021.3/release' branch; Version is '2021.3.12f1 (8af3c3e441b1) revision 9106371'; Using compiler version '192829333'; Build Type 'Release'
OS: 'Windows 11  (10.0.22621) 64bit CoreCountrySpecific' Language: 'zh' Physical Memory: 40768 MB
BatchMode: 1, IsHumanControllingUs: 0, StartBugReporterOnCrash: 0, Is64bit: 1, IsPro: 1

COMMAND LINE ARGUMENTS:
D:\Unity\Release\Unity 2021.3.12f1\Editor\Unity.exe
-adb2
-batchMode
-noUpm
-name
AssetImportWorker0
-projectPath
E:/Github/Wangyi-Anime/Saturn_Discovery
-logFile
Logs/AssetImportWorker0.log
-srvPort
7834
Successfully changed project path to: E:/Github/Wangyi-Anime/Saturn_Discovery
E:/Github/Wangyi-Anime/Saturn_Discovery
[UnityMemory] Configuration Parameters - Can be set up in boot.config
    "memorysetup-bucket-allocator-granularity=16"
    "memorysetup-bucket-allocator-bucket-count=8"
    "memorysetup-bucket-allocator-block-size=33554432"
    "memorysetup-bucket-allocator-block-count=8"
    "memorysetup-main-allocator-block-size=16777216"
    "memorysetup-thread-allocator-block-size=16777216"
    "memorysetup-gfx-main-allocator-block-size=16777216"
    "memorysetup-gfx-thread-allocator-block-size=16777216"
    "memorysetup-cache-allocator-block-size=4194304"
    "memorysetup-typetree-allocator-block-size=2097152"
    "memorysetup-profiler-bucket-allocator-granularity=16"
    "memorysetup-profiler-bucket-allocator-bucket-count=8"
    "memorysetup-profiler-bucket-allocator-block-size=33554432"
    "memorysetup-profiler-bucket-allocator-block-count=8"
    "memorysetup-profiler-allocator-block-size=16777216"
    "memorysetup-profiler-editor-allocator-block-size=1048576"
    "memorysetup-temp-allocator-size-main=16777216"
    "memorysetup-job-temp-allocator-block-size=2097152"
    "memorysetup-job-temp-allocator-block-size-background=1048576"
    "memorysetup-job-temp-allocator-reduction-small-platforms=262144"
    "memorysetup-temp-allocator-size-background-worker=32768"
    "memorysetup-temp-allocator-size-job-worker=262144"
    "memorysetup-temp-allocator-size-preload-manager=33554432"
    "memorysetup-temp-allocator-size-nav-mesh-worker=65536"
    "memorysetup-temp-allocator-size-audio-worker=65536"
    "memorysetup-temp-allocator-size-cloud-worker=32768"
    "memorysetup-temp-allocator-size-gi-baking-worker=262144"
    "memorysetup-temp-allocator-size-gfx=262144"
Refreshing native plugins compatible for Editor in 60.50 ms, found 3 plugins.
Preloading 0 native plugins for Editor in 0.00 ms.
Initialize engine version: 2021.3.12f1 (8af3c3e441b1)
[Subsystems] Discovering subsystems at path D:/Unity/Release/Unity 2021.3.12f1/Editor/Data/Resources/UnitySubsystems
[Subsystems] Discovering subsystems at path E:/Github/Wangyi-Anime/Saturn_Discovery/Assets
GfxDevice: creating device client; threaded=0; jobified=0
Direct3D:
    Version:  Direct3D 11.0 [level 11.1]
    Renderer: NVIDIA GeForce RTX 3060 Laptop GPU (ID=0x2560)
    Vendor:   NVIDIA
    VRAM:     6023 MB
    Driver:   30.0.15.1233
Initialize mono
Mono path[0] = 'D:/Unity/Release/Unity 2021.3.12f1/Editor/Data/Managed'
Mono path[1] = 'D:/Unity/Release/Unity 2021.3.12f1/Editor/Data/MonoBleedingEdge/lib/mono/unityjit-win32'
Mono config path = 'D:/Unity/Release/Unity 2021.3.12f1/Editor/Data/MonoBleedingEdge/etc'
Using monoOptions --debugger-agent=transport=dt_socket,embedding=1,server=y,suspend=n,address=127.0.0.1:56100
Begin MonoManager ReloadAssembly
Registering precompiled unity dll's ...
Register platform support module: D:/Unity/Release/Unity 2021.3.12f1/Editor/Data/PlaybackEngines/WindowsStandaloneSupport/UnityEditor.WindowsStandalone.Extensions.dll
Registered in 0.001334 seconds.
Native extension for WindowsStandalone target not found
Refreshing native plugins compatible for Editor in 87.26 ms, found 3 plugins.
Preloading 0 native plugins for Editor in 0.00 ms.
Mono: successfully reloaded assembly
- Completed reload, in  0.775 seconds
Domain Reload Profiling:
	ReloadAssembly (775ms)
		BeginReloadAssembly (138ms)
			ExecutionOrderSort (0ms)
			DisableScriptedObjects (0ms)
			BackupInstance (0ms)
			ReleaseScriptingObjects (0ms)
			CreateAndSetChildDomain (1ms)
		EndReloadAssembly (525ms)
			LoadAssemblies (137ms)
			RebuildTransferFunctionScriptingTraits (0ms)
			SetupTypeCache (127ms)
			ReleaseScriptCaches (0ms)
			RebuildScriptCaches (41ms)
			SetupLoadedEditorAssemblies (294ms)
				LogAssemblyErrors (0ms)
				InitializePlatformSupportModulesInManaged (11ms)
				SetLoadedEditorAssemblies (0ms)
				RefreshPlugins (87ms)
				BeforeProcessingInitializeOnLoad (2ms)
				ProcessInitializeOnLoadAttributes (135ms)
				ProcessInitializeOnLoadMethodAttributes (58ms)
				AfterProcessingInitializeOnLoad (0ms)
				EditorAssembliesLoaded (0ms)
			ExecutionOrderSort2 (0ms)
			AwakeInstancesAfterBackupRestoration (0ms)
Platform modules already initialized, skipping
Registering precompiled user dll's ...
Registered in 0.005286 seconds.
Begin MonoManager ReloadAssembly
Symbol file LoadedFromMemory doesn't match image E:\Github\Wangyi-Anime\Saturn_Discovery\Library\PackageCache\com.unity.visualscripting@1.7.8\Editor\VisualScripting.Core\Dependencies\YamlDotNet\Unity.VisualScripting.YamlDotNet.dll
Symbol file LoadedFromMemory doesn't match image E:\Github\Wangyi-Anime\Saturn_Discovery\Library\PackageCache\com.unity.visualscripting@1.7.8\Editor\VisualScripting.Core\Dependencies\DotNetZip\Unity.VisualScripting.IonicZip.dll
Native extension for WindowsStandalone target not found
Refreshing native plugins compatible for Editor in 0.73 ms, found 3 plugins.
Preloading 0 native plugins for Editor in 0.00 ms.
Mono: successfully reloaded assembly
- Completed reload, in  1.042 seconds
Domain Reload Profiling:
	ReloadAssembly (1042ms)
		BeginReloadAssembly (109ms)
			ExecutionOrderSort (0ms)
			DisableScriptedObjects (6ms)
			BackupInstance (0ms)
			ReleaseScriptingObjects (0ms)
			CreateAndSetChildDomain (15ms)
		EndReloadAssembly (852ms)
			LoadAssemblies (105ms)
			RebuildTransferFunctionScriptingTraits (0ms)
			SetupTypeCache (347ms)
			ReleaseScriptCaches (0ms)
			RebuildScriptCaches (55ms)
			SetupLoadedEditorAssemblies (325ms)
				LogAssemblyErrors (0ms)
				InitializePlatformSupportModulesInManaged (4ms)
				SetLoadedEditorAssemblies (1ms)
				RefreshPlugins (1ms)
				BeforeProcessingInitializeOnLoad (83ms)
				ProcessInitializeOnLoadAttributes (210ms)
				ProcessInitializeOnLoadMethodAttributes (25ms)
				AfterProcessingInitializeOnLoad (2ms)
				EditorAssembliesLoaded (0ms)
			ExecutionOrderSort2 (0ms)
			AwakeInstancesAfterBackupRestoration (6ms)
Platform modules already initialized, skipping
========================================================================
Worker process is ready to serve import requests
Launched and connected shader compiler UnityShaderCompiler.exe after 0.11 seconds
Refreshing native plugins compatible for Editor in 0.88 ms, found 3 plugins.
Preloading 0 native plugins for Editor in 0.00 ms.
Unloading 3382 Unused Serialized files (Serialized files now loaded: 0)
Unloading 27 unused Assets / (113.7 KB). Loaded Objects now: 3842.
Memory consumption went from 117.1 MB to 116.9 MB.
Total: 3.157400 ms (FindLiveObjects: 0.198100 ms CreateObjectMapping: 0.100600 ms MarkObjects: 2.748500 ms  DeleteObjects: 0.109000 ms)

AssetImportParameters requested are different than current active one (requested -> active):
  custom:video-decoder-ogg-theora: a1e56fd34408186e4bbccfd4996cb3dc -> 
  custom:container-muxer-webm: aa71ff27fc2769a1b78a27578f13a17b -> 
  custom:container-demuxer-webm: 4f35f7cbe854078d1ac9338744f61a02 -> 
  custom:video-encoder-webm-vp8: eb34c28f22e8b96e1ab97ce403110664 -> 
  custom:video-codec-MediaFoundation-h265: 746d11721c4dcdbdad8f713fa42b33f4 -> 
  custom:audio-encoder-webm-vorbis: bf7c407c2cedff20999df2af8eb42d56 -> 
  custom:framework-win-MediaFoundation: 216162199b28c13a410421893ffa2e32 -> 
  custom:container-demuxer-ogg: 62fdf1f143b41e24485cea50d1cbac27 -> 
  custom:video-decoder-webm-vp8: 9c59270c3fd7afecdb556c50c9e8de78 -> 
  custom:audio-decoder-ogg-vorbis: bf7c407c2cedff20999df2af8eb42d56 -> 
========================================================================
Received Import Request.
  Time since last request: 120296.327813 seconds.
  path: Assets/Shader/Sphere.shader
  artifactKey: Guid(e309c35168ba20349a41d1d6f74a852f) Importer(815301076,1909f56bfc062723c751e8b465ee728b)
Start importing Assets/Shader/Sphere.shader using Guid(e309c35168ba20349a41d1d6f74a852f) Importer(815301076,1909f56bfc062723c751e8b465ee728b)  -> (artifact id: 'f8389a1057de6a0fdaca4dc957b082f4') in 0.082793 seconds 
========================================================================
Received Import Request.
  Time since last request: 50.537770 seconds.
  path: Assets/Shader/Sphere.shader
  artifactKey: Guid(e309c35168ba20349a41d1d6f74a852f) Importer(815301076,1909f56bfc062723c751e8b465ee728b)
Start importing Assets/Shader/Sphere.shader using Guid(e309c35168ba20349a41d1d6f74a852f) Importer(815301076,1909f56bfc062723c751e8b465ee728b)  -> (artifact id: '472ddde064cbad95453868e052fc3d9a') in 0.002964 seconds 
========================================================================
Received Import Request.
  Time since last request: 9.399152 seconds.
  path: Assets/Shader/Sphere.shader
  artifactKey: Guid(e309c35168ba20349a41d1d6f74a852f) Importer(815301076,1909f56bfc062723c751e8b465ee728b)
Start importing Assets/Shader/Sphere.shader using Guid(e309c35168ba20349a41d1d6f74a852f) Importer(815301076,1909f56bfc062723c751e8b465ee728b)  -> (artifact id: 'ab7765aca9942fc3b7aed2a47e3ab2cd') in 0.002123 seconds 
========================================================================
Received Import Request.
  Time since last request: 30.773492 seconds.
  path: Assets/Shader/Sphere.shader
  artifactKey: Guid(e309c35168ba20349a41d1d6f74a852f) Importer(815301076,1909f56bfc062723c751e8b465ee728b)
Start importing Assets/Shader/Sphere.shader using Guid(e309c35168ba20349a41d1d6f74a852f) Importer(815301076,1909f56bfc062723c751e8b465ee728b)  -> (artifact id: '404b55191d55cddb862ae5df3e21bfdb') in 0.004252 seconds 
========================================================================
Received Import Request.
  Time since last request: 9.315653 seconds.
  path: Assets/Shader/Sphere.shader
  artifactKey: Guid(e309c35168ba20349a41d1d6f74a852f) Importer(815301076,1909f56bfc062723c751e8b465ee728b)
Start importing Assets/Shader/Sphere.shader using Guid(e309c35168ba20349a41d1d6f74a852f) Importer(815301076,1909f56bfc062723c751e8b465ee728b)  -> (artifact id: '9ae40cb8db93972dc2bef3262fed5c90') in 0.001571 seconds 
========================================================================
Received Import Request.
  Time since last request: 10.462956 seconds.
  path: Assets/Shader/Sphere.shader
  artifactKey: Guid(e309c35168ba20349a41d1d6f74a852f) Importer(815301076,1909f56bfc062723c751e8b465ee728b)
Start importing Assets/Shader/Sphere.shader using Guid(e309c35168ba20349a41d1d6f74a852f) Importer(815301076,1909f56bfc062723c751e8b465ee728b)  -> (artifact id: '87bde0cb28470deec6f67721803d2cc5') in 0.002229 seconds 
========================================================================
Received Import Request.
  Time since last request: 14.393334 seconds.
  path: Assets/Shader/Sphere.shader
  artifactKey: Guid(e309c35168ba20349a41d1d6f74a852f) Importer(815301076,1909f56bfc062723c751e8b465ee728b)
Start importing Assets/Shader/Sphere.shader using Guid(e309c35168ba20349a41d1d6f74a852f) Importer(815301076,1909f56bfc062723c751e8b465ee728b)  -> (artifact id: '7e0bb68dc68f0f891999931c1b179756') in 0.001475 seconds 
========================================================================
Received Import Request.
  Time since last request: 18.385632 seconds.
  path: Assets/Shader/Sphere.shader
  artifactKey: Guid(e309c35168ba20349a41d1d6f74a852f) Importer(815301076,1909f56bfc062723c751e8b465ee728b)
Start importing Assets/Shader/Sphere.shader using Guid(e309c35168ba20349a41d1d6f74a852f) Importer(815301076,1909f56bfc062723c751e8b465ee728b)  -> (artifact id: '711377b31557a3abfc0805af63e77467') in 0.001398 seconds 
